[2024-02-29T05:30:56.845+0000] {taskinstance.py:1979} INFO - Dependencies all met for dep_context=non-requeueable deps ti=<TaskInstance: run_pipeline_new.download_load_data scheduled__2021-06-01T00:00:00+00:00 [queued]>
[2024-02-29T05:30:56.860+0000] {taskinstance.py:1979} INFO - Dependencies all met for dep_context=requeueable deps ti=<TaskInstance: run_pipeline_new.download_load_data scheduled__2021-06-01T00:00:00+00:00 [queued]>
[2024-02-29T05:30:56.861+0000] {taskinstance.py:2193} INFO - Starting attempt 1 of 3
[2024-02-29T05:30:56.900+0000] {taskinstance.py:2214} INFO - Executing <Task(PythonOperator): download_load_data> on 2021-06-01 00:00:00+00:00
[2024-02-29T05:30:56.911+0000] {standard_task_runner.py:60} INFO - Started process 1287161 to run task
[2024-02-29T05:30:56.916+0000] {standard_task_runner.py:87} INFO - Running: ['airflow', 'tasks', 'run', 'run_pipeline_new', 'download_load_data', 'scheduled__2021-06-01T00:00:00+00:00', '--job-id', '62', '--raw', '--subdir', 'DAGS_FOLDER/run_pipeline.py', '--cfg-path', '/tmp/tmpytrx956e']
[2024-02-29T05:30:56.931+0000] {standard_task_runner.py:88} INFO - Job 62: Subtask download_load_data
[2024-02-29T05:30:57.187+0000] {task_command.py:423} INFO - Running <TaskInstance: run_pipeline_new.download_load_data scheduled__2021-06-01T00:00:00+00:00 [running]> on host idowu-pc
[2024-02-29T05:30:57.510+0000] {logging_mixin.py:188} WARNING - /home/idowuileks/Desktop/tech_project/nyc_taxi_project/docker_sql/ny_taxi_test/dbtairflowenv/lib/python3.10/site-packages/airflow/utils/context.py:207 AirflowContextDeprecationWarning: Accessing 'execution_date' from the template is deprecated and will be removed in a future version. Please use 'data_interval_start' or 'logical_date' instead.
[2024-02-29T05:30:57.719+0000] {taskinstance.py:2510} INFO - Exporting env vars: AIRFLOW_CTX_DAG_EMAIL='' AIRFLOW_CTX_DAG_OWNER='airflow' AIRFLOW_CTX_DAG_ID='run_pipeline_new' AIRFLOW_CTX_TASK_ID='download_load_data' AIRFLOW_CTX_EXECUTION_DATE='2021-06-01T00:00:00+00:00' AIRFLOW_CTX_TRY_NUMBER='1' AIRFLOW_CTX_DAG_RUN_ID='scheduled__2021-06-01T00:00:00+00:00'
[2024-02-29T05:30:57.730+0000] {logging_mixin.py:188} INFO - <class 'str'>
[2024-02-29T05:30:57.731+0000] {logging_mixin.py:188} INFO - <class 'str'>
[2024-02-29T05:30:57.741+0000] {logging_mixin.py:188} INFO - /home/idowuileks/Desktop/tech_project/nyc_taxi_project/docker_sql/etl_script/data/2021_06_data
[2024-02-29T05:31:04.437+0000] {logging_mixin.py:188} INFO - /home/idowuileks/Desktop/tech_project/nyc_taxi_project/docker_sql/etl_script/data/2021_06_data/yellow_tripdata_2021-06.parquet
[2024-02-29T05:31:24.097+0000] {logging_mixin.py:188} INFO - running the create_table_load_data
[2024-02-29T05:31:24.131+0000] {logging_mixin.py:188} INFO - created the table and schema datetime_trip_table and raw
[2024-02-29T05:31:24.135+0000] {logging_mixin.py:188} INFO - about to execute read_load_data_db
[2024-02-29T05:31:24.136+0000] {logging_mixin.py:188} INFO - about to read the previous data from the raw.datetime_trip_table
[2024-02-29T05:31:24.170+0000] {logging_mixin.py:188} INFO - (10, 19)
[2024-02-29T05:31:55.486+0000] {logging_mixin.py:188} INFO - got the previous records
[2024-02-29T05:31:55.486+0000] {logging_mixin.py:188} INFO - appending to table datetime_trip_table with raw
[2024-02-29T05:49:05.229+0000] {logging_mixin.py:188} INFO - running the create_table_load_data
[2024-02-29T05:49:05.234+0000] {logging_mixin.py:188} INFO - created the table and schema DIMENSION_TAXI_TABLE and raw
[2024-02-29T05:49:05.234+0000] {logging_mixin.py:188} INFO - about to execute read_load_data_db
[2024-02-29T05:49:05.234+0000] {logging_mixin.py:188} INFO - about to read the previous data from the raw.DIMENSION_TAXI_TABLE
[2024-02-29T05:49:05.237+0000] {logging_mixin.py:188} INFO - (10, 6)
[2024-02-29T05:49:13.512+0000] {logging_mixin.py:188} INFO - got the previous records
[2024-02-29T05:49:13.512+0000] {logging_mixin.py:188} INFO - appending to table DIMENSION_TAXI_TABLE with raw
[2024-02-29T05:52:30.367+0000] {logging_mixin.py:188} INFO - running the create_table_load_data
[2024-02-29T05:52:30.403+0000] {logging_mixin.py:188} INFO - created the table and schema fact_table_taxi_ride and raw
[2024-02-29T05:52:30.415+0000] {logging_mixin.py:188} INFO - about to execute read_load_data_db
[2024-02-29T05:52:30.416+0000] {logging_mixin.py:188} INFO - about to read the previous data from the raw.fact_table_taxi_ride
[2024-02-29T05:52:30.449+0000] {logging_mixin.py:188} INFO - (10, 12)
[2024-02-29T05:52:51.840+0000] {logging_mixin.py:188} INFO - got the previous records
[2024-02-29T05:52:51.840+0000] {logging_mixin.py:188} INFO - appending to table fact_table_taxi_ride with raw
[2024-02-29T05:55:32.245+0000] {python.py:202} INFO - Done. Returned value was: None
[2024-02-29T05:55:32.276+0000] {taskinstance.py:1149} INFO - Marking task as SUCCESS. dag_id=run_pipeline_new, task_id=download_load_data, execution_date=20210601T000000, start_date=20240229T053056, end_date=20240229T055532
[2024-02-29T05:55:32.334+0000] {local_task_job_runner.py:234} INFO - Task exited with return code 0
