[2024-02-29T05:08:09.011+0000] {taskinstance.py:1979} INFO - Dependencies all met for dep_context=non-requeueable deps ti=<TaskInstance: run_pipeline_new.run_dbt_command scheduled__2021-02-01T00:00:00+00:00 [queued]>
[2024-02-29T05:08:09.019+0000] {taskinstance.py:1979} INFO - Dependencies all met for dep_context=requeueable deps ti=<TaskInstance: run_pipeline_new.run_dbt_command scheduled__2021-02-01T00:00:00+00:00 [queued]>
[2024-02-29T05:08:09.019+0000] {taskinstance.py:2193} INFO - Starting attempt 1 of 3
[2024-02-29T05:08:09.031+0000] {taskinstance.py:2214} INFO - Executing <Task(PythonOperator): run_dbt_command> on 2021-02-01 00:00:00+00:00
[2024-02-29T05:08:09.036+0000] {standard_task_runner.py:60} INFO - Started process 1260507 to run task
[2024-02-29T05:08:09.038+0000] {standard_task_runner.py:87} INFO - Running: ['airflow', 'tasks', 'run', 'run_pipeline_new', 'run_dbt_command', 'scheduled__2021-02-01T00:00:00+00:00', '--job-id', '48', '--raw', '--subdir', 'DAGS_FOLDER/run_pipeline.py', '--cfg-path', '/tmp/tmpq17j05ak']
[2024-02-29T05:08:09.040+0000] {standard_task_runner.py:88} INFO - Job 48: Subtask run_dbt_command
[2024-02-29T05:08:09.103+0000] {task_command.py:423} INFO - Running <TaskInstance: run_pipeline_new.run_dbt_command scheduled__2021-02-01T00:00:00+00:00 [running]> on host idowu-pc
[2024-02-29T05:08:09.314+0000] {taskinstance.py:2510} INFO - Exporting env vars: AIRFLOW_CTX_DAG_EMAIL='' AIRFLOW_CTX_DAG_OWNER='airflow' AIRFLOW_CTX_DAG_ID='run_pipeline_new' AIRFLOW_CTX_TASK_ID='run_dbt_command' AIRFLOW_CTX_EXECUTION_DATE='2021-02-01T00:00:00+00:00' AIRFLOW_CTX_TRY_NUMBER='1' AIRFLOW_CTX_DAG_RUN_ID='scheduled__2021-02-01T00:00:00+00:00'
[2024-02-29T05:08:14.594+0000] {logging_mixin.py:188} INFO - done building the dbt model
[2024-02-29T05:08:14.594+0000] {python.py:202} INFO - Done. Returned value was: None
[2024-02-29T05:08:14.610+0000] {taskinstance.py:1149} INFO - Marking task as SUCCESS. dag_id=run_pipeline_new, task_id=run_dbt_command, execution_date=20210201T000000, start_date=20240229T050809, end_date=20240229T050814
[2024-02-29T05:08:14.638+0000] {local_task_job_runner.py:234} INFO - Task exited with return code 0
[2024-02-29T05:08:14.658+0000] {taskinstance.py:3309} INFO - 0 downstream tasks scheduled from follow-on schedule check
[2024-02-29T05:22:46.587+0000] {taskinstance.py:1979} INFO - Dependencies all met for dep_context=non-requeueable deps ti=<TaskInstance: run_pipeline_new.run_dbt_command scheduled__2021-02-01T00:00:00+00:00 [queued]>
[2024-02-29T05:22:46.606+0000] {taskinstance.py:1979} INFO - Dependencies all met for dep_context=requeueable deps ti=<TaskInstance: run_pipeline_new.run_dbt_command scheduled__2021-02-01T00:00:00+00:00 [queued]>
[2024-02-29T05:22:46.607+0000] {taskinstance.py:2193} INFO - Starting attempt 1 of 3
[2024-02-29T05:22:46.636+0000] {taskinstance.py:2214} INFO - Executing <Task(PythonOperator): run_dbt_command> on 2021-02-01 00:00:00+00:00
[2024-02-29T05:22:46.645+0000] {standard_task_runner.py:60} INFO - Started process 1278756 to run task
[2024-02-29T05:22:46.650+0000] {standard_task_runner.py:87} INFO - Running: ['airflow', 'tasks', 'run', 'run_pipeline_new', 'run_dbt_command', 'scheduled__2021-02-01T00:00:00+00:00', '--job-id', '57', '--raw', '--subdir', 'DAGS_FOLDER/run_pipeline.py', '--cfg-path', '/tmp/tmpr7m_x7l0']
[2024-02-29T05:22:46.653+0000] {standard_task_runner.py:88} INFO - Job 57: Subtask run_dbt_command
[2024-02-29T05:22:46.772+0000] {task_command.py:423} INFO - Running <TaskInstance: run_pipeline_new.run_dbt_command scheduled__2021-02-01T00:00:00+00:00 [running]> on host idowu-pc
[2024-02-29T05:22:47.683+0000] {taskinstance.py:2510} INFO - Exporting env vars: AIRFLOW_CTX_DAG_EMAIL='' AIRFLOW_CTX_DAG_OWNER='airflow' AIRFLOW_CTX_DAG_ID='run_pipeline_new' AIRFLOW_CTX_TASK_ID='run_dbt_command' AIRFLOW_CTX_EXECUTION_DATE='2021-02-01T00:00:00+00:00' AIRFLOW_CTX_TRY_NUMBER='1' AIRFLOW_CTX_DAG_RUN_ID='scheduled__2021-02-01T00:00:00+00:00'
[2024-02-29T05:22:56.190+0000] {logging_mixin.py:188} INFO - done building the dbt model
[2024-02-29T05:22:56.190+0000] {python.py:202} INFO - Done. Returned value was: None
[2024-02-29T05:22:56.210+0000] {taskinstance.py:1149} INFO - Marking task as SUCCESS. dag_id=run_pipeline_new, task_id=run_dbt_command, execution_date=20210201T000000, start_date=20240229T052246, end_date=20240229T052256
[2024-02-29T05:22:56.241+0000] {local_task_job_runner.py:234} INFO - Task exited with return code 0
[2024-02-29T05:22:56.264+0000] {taskinstance.py:3309} INFO - 0 downstream tasks scheduled from follow-on schedule check
