[2024-02-29T05:08:02.645+0000] {taskinstance.py:1979} INFO - Dependencies all met for dep_context=non-requeueable deps ti=<TaskInstance: run_pipeline_new.remove_file scheduled__2021-02-01T00:00:00+00:00 [queued]>
[2024-02-29T05:08:02.655+0000] {taskinstance.py:1979} INFO - Dependencies all met for dep_context=requeueable deps ti=<TaskInstance: run_pipeline_new.remove_file scheduled__2021-02-01T00:00:00+00:00 [queued]>
[2024-02-29T05:08:02.655+0000] {taskinstance.py:2193} INFO - Starting attempt 1 of 3
[2024-02-29T05:08:02.671+0000] {taskinstance.py:2214} INFO - Executing <Task(PythonOperator): remove_file> on 2021-02-01 00:00:00+00:00
[2024-02-29T05:08:02.678+0000] {standard_task_runner.py:60} INFO - Started process 1260213 to run task
[2024-02-29T05:08:02.683+0000] {standard_task_runner.py:87} INFO - Running: ['airflow', 'tasks', 'run', 'run_pipeline_new', 'remove_file', 'scheduled__2021-02-01T00:00:00+00:00', '--job-id', '47', '--raw', '--subdir', 'DAGS_FOLDER/run_pipeline.py', '--cfg-path', '/tmp/tmp7_u2cpaa']
[2024-02-29T05:08:02.684+0000] {standard_task_runner.py:88} INFO - Job 47: Subtask remove_file
[2024-02-29T05:08:02.791+0000] {task_command.py:423} INFO - Running <TaskInstance: run_pipeline_new.remove_file scheduled__2021-02-01T00:00:00+00:00 [running]> on host idowu-pc
[2024-02-29T05:08:03.031+0000] {taskinstance.py:2510} INFO - Exporting env vars: AIRFLOW_CTX_DAG_EMAIL='' AIRFLOW_CTX_DAG_OWNER='airflow' AIRFLOW_CTX_DAG_ID='run_pipeline_new' AIRFLOW_CTX_TASK_ID='remove_file' AIRFLOW_CTX_EXECUTION_DATE='2021-02-01T00:00:00+00:00' AIRFLOW_CTX_TRY_NUMBER='1' AIRFLOW_CTX_DAG_RUN_ID='scheduled__2021-02-01T00:00:00+00:00'
[2024-02-29T05:08:03.105+0000] {python.py:202} INFO - Done. Returned value was: None
[2024-02-29T05:08:03.127+0000] {taskinstance.py:1149} INFO - Marking task as SUCCESS. dag_id=run_pipeline_new, task_id=remove_file, execution_date=20210201T000000, start_date=20240229T050802, end_date=20240229T050803
[2024-02-29T05:08:03.177+0000] {local_task_job_runner.py:234} INFO - Task exited with return code 0
[2024-02-29T05:08:03.235+0000] {taskinstance.py:3309} INFO - 1 downstream tasks scheduled from follow-on schedule check
[2024-02-29T05:22:34.323+0000] {taskinstance.py:1979} INFO - Dependencies all met for dep_context=non-requeueable deps ti=<TaskInstance: run_pipeline_new.remove_file scheduled__2021-02-01T00:00:00+00:00 [queued]>
[2024-02-29T05:22:34.335+0000] {taskinstance.py:1979} INFO - Dependencies all met for dep_context=requeueable deps ti=<TaskInstance: run_pipeline_new.remove_file scheduled__2021-02-01T00:00:00+00:00 [queued]>
[2024-02-29T05:22:34.336+0000] {taskinstance.py:2193} INFO - Starting attempt 1 of 3
[2024-02-29T05:22:34.353+0000] {taskinstance.py:2214} INFO - Executing <Task(PythonOperator): remove_file> on 2021-02-01 00:00:00+00:00
[2024-02-29T05:22:34.358+0000] {standard_task_runner.py:60} INFO - Started process 1278339 to run task
[2024-02-29T05:22:34.363+0000] {standard_task_runner.py:87} INFO - Running: ['airflow', 'tasks', 'run', 'run_pipeline_new', 'remove_file', 'scheduled__2021-02-01T00:00:00+00:00', '--job-id', '56', '--raw', '--subdir', 'DAGS_FOLDER/run_pipeline.py', '--cfg-path', '/tmp/tmpmlgfx3kp']
[2024-02-29T05:22:34.366+0000] {standard_task_runner.py:88} INFO - Job 56: Subtask remove_file
[2024-02-29T05:22:34.449+0000] {task_command.py:423} INFO - Running <TaskInstance: run_pipeline_new.remove_file scheduled__2021-02-01T00:00:00+00:00 [running]> on host idowu-pc
[2024-02-29T05:22:34.698+0000] {taskinstance.py:2510} INFO - Exporting env vars: AIRFLOW_CTX_DAG_EMAIL='' AIRFLOW_CTX_DAG_OWNER='airflow' AIRFLOW_CTX_DAG_ID='run_pipeline_new' AIRFLOW_CTX_TASK_ID='remove_file' AIRFLOW_CTX_EXECUTION_DATE='2021-02-01T00:00:00+00:00' AIRFLOW_CTX_TRY_NUMBER='1' AIRFLOW_CTX_DAG_RUN_ID='scheduled__2021-02-01T00:00:00+00:00'
[2024-02-29T05:22:34.759+0000] {python.py:202} INFO - Done. Returned value was: None
[2024-02-29T05:22:34.786+0000] {taskinstance.py:1149} INFO - Marking task as SUCCESS. dag_id=run_pipeline_new, task_id=remove_file, execution_date=20210201T000000, start_date=20240229T052234, end_date=20240229T052234
[2024-02-29T05:22:34.815+0000] {local_task_job_runner.py:234} INFO - Task exited with return code 0
[2024-02-29T05:22:34.850+0000] {taskinstance.py:3309} INFO - 1 downstream tasks scheduled from follow-on schedule check
